[2026-03-25 15:30:03] local.ERROR: The C:\Users\manas\Documents\Kimi_Agent_Projet React Original\capitalimmo-api\bootstrap\cache directory must be present and writable. {"exception":"[object] (Exception(code: 0): The C:\\Users\\manas\\Documents\\Kimi_Agent_Projet React Original\\capitalimmo-api\\bootstrap\\cache directory must be present and writable. at C:/Users/manas/Documents/Kimi_Agent_Projet React Original/capitalimmo-api/vendor/laravel/framework/src/Illuminate/Foundation/PackageManifest.php:179)
[stacktrace]
#0 C:/Users/manas/Documents/Kimi_Agent_Projet React Original/capitalimmo-api/vendor/laravel/framework/src/Illuminate/Foundation/PackageManifest.php(132): Illuminate/Foundation/PackageManifest->write(Array)
#1 C:/Users/manas/Documents/Kimi_Agent_Projet React Original/capitalimmo-api/vendor/laravel/framework/src/Illuminate/Foundation/PackageManifest.php(108): Illuminate/Foundation/PackageManifest->build()
#2 C:/Users/manas/Documents/Kimi_Agent_Projet React Original/capitalimmo-api/vendor/laravel/framework/src/Illuminate/Foundation/PackageManifest.php(91): Illuminate/Foundation/PackageManifest->getManifest()
#3 C:/Users/manas/Documents/Kimi_Agent_Projet React Original/capitalimmo-api/vendor/laravel/framework/src/Illuminate/Foundation/PackageManifest.php(80): Illuminate/Foundation/PackageManifest->config('aliases')
#4 C:/Users/manas/Documents/Kimi_Agent_Projet React Original/capitalimmo-api/vendor/laravel/framework/src/Illuminate/Foundation/Bootstrap/RegisterFacades.php(26): Illuminate/Foundation/PackageManifest->aliases()
#5 C:/Users/manas/Documents/Kimi_Agent_Projet React Original/capitalimmo-api/vendor/laravel/framework/src/Illuminate/Foundation/Application.php(342): Illuminate/Foundation/Bootstrap/RegisterFacades->bootstrap(Object(Illuminate/Foundation/Application))
#6 C:/Users/manas/Documents/Kimi_Agent_Projet React Original/capitalimmo-api/vendor/laravel/framework/src/Illuminate/Foundation/Console/Kernel.php(474): Illuminate/Foundation/Application->bootstrapWith(Array)
#7 C:/Users/manas/Documents/Kimi_Agent_Projet React Original/capitalimmo-api/vendor/laravel/framework/src/Illuminate/Foundation/Console/Kernel.php(196): Illuminate/Foundation/Console/Kernel->bootstrap()
#8 C:/Users/manas/Documents/Kimi_Agent_Projet React Original/capitalimmo-api/artisan(24): Illuminate/Foundation/Console/Kernel->handle(Object(Symfony/Component/Console/Input/ArgvInput), Object(Symfony/Component/Console/Output/ConsoleOutput))
#9 {main}
"} 
[2026-03-25 15:31:39] local.ERROR: Please provide a valid cache path. {"exception":"[object] (InvalidArgumentException(code: 0): Please provide a valid cache path. at C:/Users/manas/Documents/Kimi_Agent_Projet React Original/capitalimmo-api/vendor/laravel/framework/src/Illuminate/View/Compilers/Compiler.php:67)
[stacktrace]
#0 C:/Users/manas/Documents/Kimi_Agent_Projet React Original/capitalimmo-api/vendor/laravel/framework/src/Illuminate/View/ViewServiceProvider.php(97): Illuminate/View/Compilers/Compiler->__construct(Object(Illuminate/Filesystem/Filesystem), false, '', true, 'php')
#1 C:/Users/manas/Documents/Kimi_Agent_Projet React Original/capitalimmo-api/vendor/laravel/framework/src/Illuminate/Container/Container.php(952): Illuminate/View/ViewServiceProvider->{closure:Illuminate/View/ViewServiceProvider::registerBladeCompiler():96}(Object(Illuminate/Foundation/Application), Array)
#2 C:/Users/manas/Documents/Kimi_Agent_Projet React Original/capitalimmo-api/vendor/laravel/framework/src/Illuminate/Container/Container.php(832): Illuminate/Container/Container->build(Object(Closure))
#3 C:/Users/manas/Documents/Kimi_Agent_Projet React Original/capitalimmo-api/vendor/laravel/framework/src/Illuminate/Foundation/Application.php(1078): Illuminate/Container/Container->resolve('blade.compiler', Array, true)
#4 C:/Users/manas/Documents/Kimi_Agent_Projet React Original/capitalimmo-api/vendor/laravel/framework/src/Illuminate/Container/Container.php(763): Illuminate/Foundation/Application->resolve('blade.compiler', Array)
#5 C:/Users/manas/Documents/Kimi_Agent_Projet React Original/capitalimmo-api/vendor/laravel/framework/src/Illuminate/Foundation/Application.php(1058): Illuminate/Container/Container->make('blade.compiler', Array)
#6 C:/Users/manas/Documents/Kimi_Agent_Projet React Original/capitalimmo-api/vendor/laravel/framework/src/Illuminate/Container/Container.php(1580): Illuminate/Foundation/Application->make('blade.compiler')
#7 C:/Users/manas/Documents/Kimi_Agent_Projet React Original/capitalimmo-api/vendor/laravel/framework/src/Illuminate/Support/Facades/Facade.php(239): Illuminate/Container/Container->offsetGet('blade.compiler')
#8 C:/Users/manas/Documents/Kimi_Agent_Projet React Original/capitalimmo-api/vendor/laravel/framework/src/Illuminate/Support/Facades/Facade.php(210): Illuminate/Support/Facades/Facade::resolveFacadeInstance('blade.compiler')
#9 C:/Users/manas/Documents/Kimi_Agent_Projet React Original/capitalimmo-api/vendor/laravel/framework/src/Illuminate/Support/Facades/Facade.php(355): Illuminate/Support/Facades/Facade::getFacadeRoot()
#10 C:/Users/manas/Documents/Kimi_Agent_Projet React Original/capitalimmo-api/vendor/cloudinary-labs/cloudinary-laravel/src/CloudinaryServiceProvider.php(75): Illuminate/Support/Facades/Facade::__callStatic('directive', Array)
#11 C:/Users/manas/Documents/Kimi_Agent_Projet React Original/capitalimmo-api/vendor/cloudinary-labs/cloudinary-laravel/src/CloudinaryServiceProvider.php(31): CloudinaryLabs/CloudinaryLaravel/CloudinaryServiceProvider->bootDirectives()
#12 C:/Users/manas/Documents/Kimi_Agent_Projet React Original/capitalimmo-api/vendor/laravel/framework/src/Illuminate/Container/BoundMethod.php(36): CloudinaryLabs/CloudinaryLaravel/CloudinaryServiceProvider->boot()
#13 C:/Users/manas/Documents/Kimi_Agent_Projet React Original/capitalimmo-api/vendor/laravel/framework/src/Illuminate/Container/Util.php(43): Illuminate/Container/BoundMethod::{closure:Illuminate/Container/BoundMethod::call():35}()
#14 C:/Users/manas/Documents/Kimi_Agent_Projet React Original/capitalimmo-api/vendor/laravel/framework/src/Illuminate/Container/BoundMethod.php(95): Illuminate/Container/Util::unwrapIfClosure(Object(Closure))
#15 C:/Users/manas/Documents/Kimi_Agent_Projet React Original/capitalimmo-api/vendor/laravel/framework/src/Illuminate/Container/BoundMethod.php(35): Illuminate/Container/BoundMethod::callBoundMethod(Object(Illuminate/Foundation/Application), Array, Object(Closure))
#16 C:/Users/manas/Documents/Kimi_Agent_Projet React Original/capitalimmo-api/vendor/laravel/framework/src/Illuminate/Container/Container.php(696): Illuminate/Container/BoundMethod::call(Object(Illuminate/Foundation/Application), Array, Array, NULL)
#17 C:/Users/manas/Documents/Kimi_Agent_Projet React Original/capitalimmo-api/vendor/laravel/framework/src/Illuminate/Foundation/Application.php(1151): Illuminate/Container/Container->call(Array)
#18 C:/Users/manas/Documents/Kimi_Agent_Projet React Original/capitalimmo-api/vendor/laravel/framework/src/Illuminate/Foundation/Application.php(1132): Illuminate/Foundation/Application->bootProvider(Object(CloudinaryLabs/CloudinaryLaravel/CloudinaryServiceProvider))
#19 [internal function]: Illuminate/Foundation/Application->{closure:Illuminate/Foundation/Application::boot():1131}(Object(CloudinaryLabs/CloudinaryLaravel/CloudinaryServiceProvider), 'CloudinaryLabs//...')
#20 C:/Users/manas/Documents/Kimi_Agent_Projet React Original/capitalimmo-api/vendor/laravel/framework/src/Illuminate/Foundation/Application.php(1131): array_walk(Array, Object(Closure))
#21 C:/Users/manas/Documents/Kimi_Agent_Projet React Original/capitalimmo-api/vendor/laravel/framework/src/Illuminate/Foundation/Bootstrap/BootProviders.php(17): Illuminate/Foundation/Application->boot()
#22 C:/Users/manas/Documents/Kimi_Agent_Projet React Original/capitalimmo-api/vendor/laravel/framework/src/Illuminate/Foundation/Application.php(342): Illuminate/Foundation/Bootstrap/BootProviders->bootstrap(Object(Illuminate/Foundation/Application))
#23 C:/Users/manas/Documents/Kimi_Agent_Projet React Original/capitalimmo-api/vendor/laravel/framework/src/Illuminate/Foundation/Console/Kernel.php(474): Illuminate/Foundation/Application->bootstrapWith(Array)
#24 C:/Users/manas/Documents/Kimi_Agent_Projet React Original/capitalimmo-api/vendor/laravel/framework/src/Illuminate/Foundation/Console/Kernel.php(196): Illuminate/Foundation/Console/Kernel->bootstrap()
#25 C:/Users/manas/Documents/Kimi_Agent_Projet React Original/capitalimmo-api/artisan(24): Illuminate/Foundation/Console/Kernel->handle(Object(Symfony/Component/Console/Input/ArgvInput), Object(Symfony/Component/Console/Output/ConsoleOutput))
#26 {main}
"} 
[2026-03-25 15:33:32] local.ERROR: SQLSTATE[42S02]: Base table or view not found: 1146 La table 'capitalimmo.cache' n'existe pas (Connection: mysql, SQL: delete from `cache`) {"exception":"[object] (Illuminate\\Database\\QueryException(code: 42S02): SQLSTATE[42S02]: Base table or view not found: 1146 La table 'capitalimmo.cache' n'existe pas (Connection: mysql, SQL: delete from `cache`) at C:/Users/manas/Documents/Kimi_Agent_Projet React Original/capitalimmo-api/vendor/laravel/framework/src/Illuminate/Database/Connection.php:825)
[stacktrace]
#0 C:/Users/manas/Documents/Kimi_Agent_Projet React Original/capitalimmo-api/vendor/laravel/framework/src/Illuminate/Database/Connection.php(779): Illuminate/Database/Connection->runQueryCallback('delete from `ca...', Array, Object(Closure))
#1 C:/Users/manas/Documents/Kimi_Agent_Projet React Original/capitalimmo-api/vendor/laravel/framework/src/Illuminate/Database/Connection.php(584): Illuminate/Database/Connection->run('delete from `ca...', Array, Object(Closure))
#2 C:/Users/manas/Documents/Kimi_Agent_Projet React Original/capitalimmo-api/vendor/laravel/framework/src/Illuminate/Database/Connection.php(548): Illuminate/Database/Connection->affectingStatement('delete from `ca...', Array)
#3 C:/Users/manas/Documents/Kimi_Agent_Projet React Original/capitalimmo-api/vendor/laravel/framework/src/Illuminate/Database/Query/Builder.php(4024): Illuminate/Database/Connection->delete('delete from `ca...', Array)
#4 C:/Users/manas/Documents/Kimi_Agent_Projet React Original/capitalimmo-api/vendor/laravel/framework/src/Illuminate/Cache/DatabaseStore.php(422): Illuminate/Database/Query/Builder->delete()
#5 C:/Users/manas/Documents/Kimi_Agent_Projet React Original/capitalimmo-api/vendor/laravel/framework/src/Illuminate/Cache/Repository.php(792): Illuminate/Cache/DatabaseStore->flush()
#6 C:/Users/manas/Documents/Kimi_Agent_Projet React Original/capitalimmo-api/vendor/laravel/framework/src/Illuminate/Cache/Console/ClearCommand.php(69): Illuminate/Cache/Repository->__call('flush', Array)
#7 C:/Users/manas/Documents/Kimi_Agent_Projet React Original/capitalimmo-api/vendor/laravel/framework/src/Illuminate/Container/BoundMethod.php(36): Illuminate/Cache/Console/ClearCommand->handle()
#8 C:/Users/manas/Documents/Kimi_Agent_Projet React Original/capitalimmo-api/vendor/laravel/framework/src/Illuminate/Container/Util.php(43): Illuminate/Container/BoundMethod::{closure:Illuminate/Container/BoundMethod::call():35}()
#9 C:/Users/manas/Documents/Kimi_Agent_Projet React Original/capitalimmo-api/vendor/laravel/framework/src/Illuminate/Container/BoundMethod.php(95): Illuminate/Container/Util::unwrapIfClosure(Object(Closure))
#10 C:/Users/manas/Documents/Kimi_Agent_Projet React Original/capitalimmo-api/vendor/laravel/framework/src/Illuminate/Container/BoundMethod.php(35): Illuminate/Container/BoundMethod::callBoundMethod(Object(Illuminate/Foundation/Application), Array, Object(Closure))
#11 C:/Users/manas/Documents/Kimi_Agent_Projet React Original/capitalimmo-api/vendor/laravel/framework/src/Illuminate/Container/Container.php(696): Illuminate/Container/BoundMethod::call(Object(Illuminate/Foundation/Application), Array, Array, NULL)
#12 C:/Users/manas/Documents/Kimi_Agent_Projet React Original/capitalimmo-api/vendor/laravel/framework/src/Illuminate/Console/Command.php(213): Illuminate/Container/Container->call(Array)
#13 C:/Users/manas/Documents/Kimi_Agent_Projet React Original/capitalimmo-api/vendor/symfony/console/Command/Command.php(341): Illuminate/Console/Command->execute(Object(Symfony/Component/Console/Input/ArgvInput), Object(Illuminate/Console/OutputStyle))
#14 C:/Users/manas/Documents/Kimi_Agent_Projet React Original/capitalimmo-api/vendor/laravel/framework/src/Illuminate/Console/Command.php(182): Symfony/Component/Console/Command/Command->run(Object(Symfony/Component/Console/Input/ArgvInput), Object(Illuminate/Console/OutputStyle))
#15 C:/Users/manas/Documents/Kimi_Agent_Projet React Original/capitalimmo-api/vendor/symfony/console/Application.php(1117): Illuminate/Console/Command->run(Object(Symfony/Component/Console/Input/ArgvInput), Object(Symfony/Component/Console/Output/ConsoleOutput))
#16 C:/Users/manas/Documents/Kimi_Agent_Projet React Original/capitalimmo-api/vendor/symfony/console/Application.php(356): Symfony/Component/Console/Application->doRunCommand(Object(Illuminate/Cache/Console/ClearCommand), Object(Symfony/Component/Console/Input/ArgvInput), Object(Symfony/Component/Console/Output/ConsoleOutput))
#17 C:/Users/manas/Documents/Kimi_Agent_Projet React Original/capitalimmo-api/vendor/symfony/console/Application.php(195): Symfony/Component/Console/Application->doRun(Object(Symfony/Component/Console/Input/ArgvInput), Object(Symfony/Component/Console/Output/ConsoleOutput))
#18 C:/Users/manas/Documents/Kimi_Agent_Projet React Original/capitalimmo-api/vendor/laravel/framework/src/Illuminate/Foundation/Console/Kernel.php(198): Symfony/Component/Console/Application->run(Object(Symfony/Component/Console/Input/ArgvInput), Object(Symfony/Component/Console/Output/ConsoleOutput))
#19 C:/Users/manas/Documents/Kimi_Agent_Projet React Original/capitalimmo-api/artisan(24): Illuminate/Foundation/Console/Kernel->handle(Object(Symfony/Component/Console/Input/ArgvInput), Object(Symfony/Component/Console/Output/ConsoleOutput))
#20 {main}

[previous exception] [object] (PDOException(code: 42S02): SQLSTATE[42S02]: Base table or view not found: 1146 La table 'capitalimmo.cache' n'existe pas at C:/Users/manas/Documents/Kimi_Agent_Projet React Original/capitalimmo-api/vendor/laravel/framework/src/Illuminate/Database/Connection.php:592)
[stacktrace]
#0 C:/Users/manas/Documents/Kimi_Agent_Projet React Original/capitalimmo-api/vendor/laravel/framework/src/Illuminate/Database/Connection.php(592): PDO->prepare('delete from `ca...')
#1 C:/Users/manas/Documents/Kimi_Agent_Projet React Original/capitalimmo-api/vendor/laravel/framework/src/Illuminate/Database/Connection.php(812): Illuminate/Database/Connection->{closure:Illuminate/Database/Connection::affectingStatement():584}('delete from `ca...', Array)
#2 C:/Users/manas/Documents/Kimi_Agent_Projet React Original/capitalimmo-api/vendor/laravel/framework/src/Illuminate/Database/Connection.php(779): Illuminate/Database/Connection->runQueryCallback('delete from `ca...', Array, Object(Closure))
#3 C:/Users/manas/Documents/Kimi_Agent_Projet React Original/capitalimmo-api/vendor/laravel/framework/src/Illuminate/Database/Connection.php(584): Illuminate/Database/Connection->run('delete from `ca...', Array, Object(Closure))
#4 C:/Users/manas/Documents/Kimi_Agent_Projet React Original/capitalimmo-api/vendor/laravel/framework/src/Illuminate/Database/Connection.php(548): Illuminate/Database/Connection->affectingStatement('delete from `ca...', Array)
#5 C:/Users/manas/Documents/Kimi_Agent_Projet React Original/capitalimmo-api/vendor/laravel/framework/src/Illuminate/Database/Query/Builder.php(4024): Illuminate/Database/Connection->delete('delete from `ca...', Array)
#6 C:/Users/manas/Documents/Kimi_Agent_Projet React Original/capitalimmo-api/vendor/laravel/framework/src/Illuminate/Cache/DatabaseStore.php(422): Illuminate/Database/Query/Builder->delete()
#7 C:/Users/manas/Documents/Kimi_Agent_Projet React Original/capitalimmo-api/vendor/laravel/framework/src/Illuminate/Cache/Repository.php(792): Illuminate/Cache/DatabaseStore->flush()
#8 C:/Users/manas/Documents/Kimi_Agent_Projet React Original/capitalimmo-api/vendor/laravel/framework/src/Illuminate/Cache/Console/ClearCommand.php(69): Illuminate/Cache/Repository->__call('flush', Array)
#9 C:/Users/manas/Documents/Kimi_Agent_Projet React Original/capitalimmo-api/vendor/laravel/framework/src/Illuminate/Container/BoundMethod.php(36): Illuminate/Cache/Console/ClearCommand->handle()
#10 C:/Users/manas/Documents/Kimi_Agent_Projet React Original/capitalimmo-api/vendor/laravel/framework/src/Illuminate/Container/Util.php(43): Illuminate/Container/BoundMethod::{closure:Illuminate/Container/BoundMethod::call():35}()
#11 C:/Users/manas/Documents/Kimi_Agent_Projet React Original/capitalimmo-api/vendor/laravel/framework/src/Illuminate/Container/BoundMethod.php(95): Illuminate/Container/Util::unwrapIfClosure(Object(Closure))
#12 C:/Users/manas/Documents/Kimi_Agent_Projet React Original/capitalimmo-api/vendor/laravel/framework/src/Illuminate/Container/BoundMethod.php(35): Illuminate/Container/BoundMethod::callBoundMethod(Object(Illuminate/Foundation/Application), Array, Object(Closure))
#13 C:/Users/manas/Documents/Kimi_Agent_Projet React Original/capitalimmo-api/vendor/laravel/framework/src/Illuminate/Container/Container.php(696): Illuminate/Container/BoundMethod::call(Object(Illuminate/Foundation/Application), Array, Array, NULL)
#14 C:/Users/manas/Documents/Kimi_Agent_Projet React Original/capitalimmo-api/vendor/laravel/framework/src/Illuminate/Console/Command.php(213): Illuminate/Container/Container->call(Array)
#15 C:/Users/manas/Documents/Kimi_Agent_Projet React Original/capitalimmo-api/vendor/symfony/console/Command/Command.php(341): Illuminate/Console/Command->execute(Object(Symfony/Component/Console/Input/ArgvInput), Object(Illuminate/Console/OutputStyle))
#16 C:/Users/manas/Documents/Kimi_Agent_Projet React Original/capitalimmo-api/vendor/laravel/framework/src/Illuminate/Console/Command.php(182): Symfony/Component/Console/Command/Command->run(Object(Symfony/Component/Console/Input/ArgvInput), Object(Illuminate/Console/OutputStyle))
#17 C:/Users/manas/Documents/Kimi_Agent_Projet React Original/capitalimmo-api/vendor/symfony/console/Application.php(1117): Illuminate/Console/Command->run(Object(Symfony/Component/Console/Input/ArgvInput), Object(Symfony/Component/Console/Output/ConsoleOutput))
#18 C:/Users/manas/Documents/Kimi_Agent_Projet React Original/capitalimmo-api/vendor/symfony/console/Application.php(356): Symfony/Component/Console/Application->doRunCommand(Object(Illuminate/Cache/Console/ClearCommand), Object(Symfony/Component/Console/Input/ArgvInput), Object(Symfony/Component/Console/Output/ConsoleOutput))
#19 C:/Users/manas/Documents/Kimi_Agent_Projet React Original/capitalimmo-api/vendor/symfony/console/Application.php(195): Symfony/Component/Console/Application->doRun(Object(Symfony/Component/Console/Input/ArgvInput), Object(Symfony/Component/Console/Output/ConsoleOutput))
#20 C:/Users/manas/Documents/Kimi_Agent_Projet React Original/capitalimmo-api/vendor/laravel/framework/src/Illuminate/Foundation/Console/Kernel.php(198): Symfony/Component/Console/Application->run(Object(Symfony/Component/Console/Input/ArgvInput), Object(Symfony/Component/Console/Output/ConsoleOutput))
#21 C:/Users/manas/Documents/Kimi_Agent_Projet React Original/capitalimmo-api/artisan(24): Illuminate/Foundation/Console/Kernel->handle(Object(Symfony/Component/Console/Input/ArgvInput), Object(Symfony/Component/Console/Output/ConsoleOutput))
#22 {main}
"} 
[2026-03-25 15:35:29] local.ERROR: SQLSTATE[42000]: Syntax error or access violation: 1071 La clé est trop longue. Longueur maximale: 1000 (Connection: mysql, SQL: alter table `users` add unique `users_email_unique`(`email`)) {"exception":"[object] (Illuminate\\Database\\QueryException(code: 42000): SQLSTATE[42000]: Syntax error or access violation: 1071 La clé est trop longue. Longueur maximale: 1000 (Connection: mysql, SQL: alter table `users` add unique `users_email_unique`(`email`)) at C:/Users/manas/Documents/Kimi_Agent_Projet React Original/capitalimmo-api/vendor/laravel/framework/src/Illuminate/Database/Connection.php:825)
[stacktrace]
#0 C:/Users/manas/Documents/Kimi_Agent_Projet React Original/capitalimmo-api/vendor/laravel/framework/src/Illuminate/Database/Connection.php(779): Illuminate/Database/Connection->runQueryCallback('alter table `us...', Array, Object(Closure))
#1 C:/Users/manas/Documents/Kimi_Agent_Projet React Original/capitalimmo-api/vendor/laravel/framework/src/Illuminate/Database/Connection.php(560): Illuminate/Database/Connection->run('alter table `us...', Array, Object(Closure))
#2 C:/Users/manas/Documents/Kimi_Agent_Projet React Original/capitalimmo-api/vendor/laravel/framework/src/Illuminate/Database/Schema/Blueprint.php(118): Illuminate/Database/Connection->statement('alter table `us...')
#3 C:/Users/manas/Documents/Kimi_Agent_Projet React Original/capitalimmo-api/vendor/laravel/framework/src/Illuminate/Database/Schema/Builder.php(564): Illuminate/Database/Schema/Blueprint->build(Object(Illuminate/Database/MySqlConnection), Object(Illuminate/Database/Schema/Grammars/MySqlGrammar))
#4 C:/Users/manas/Documents/Kimi_Agent_Projet React Original/capitalimmo-api/vendor/laravel/framework/src/Illuminate/Database/Schema/Builder.php(418): Illuminate/Database/Schema/Builder->build(Object(Illuminate/Database/Schema/Blueprint))
#5 C:/Users/manas/Documents/Kimi_Agent_Projet React Original/capitalimmo-api/vendor/laravel/framework/src/Illuminate/Support/Facades/Facade.php(361): Illuminate/Database/Schema/Builder->create('users', Object(Closure))
#6 C:/Users/manas/Documents/Kimi_Agent_Projet React Original/capitalimmo-api/database/migrations/0001_01_01_000000_create_users_table.php(11): Illuminate/Support/Facades/Facade::__callStatic('create', Array)
#7 C:/Users/manas/Documents/Kimi_Agent_Projet React Original/capitalimmo-api/vendor/laravel/framework/src/Illuminate/Database/Migrations/Migrator.php(507): Illuminate/Database/Migrations/Migration@anonymous->up()
#8 C:/Users/manas/Documents/Kimi_Agent_Projet React Original/capitalimmo-api/vendor/laravel/framework/src/Illuminate/Database/Migrations/Migrator.php(432): Illuminate/Database/Migrations/Migrator->runMethod(Object(Illuminate/Database/MySqlConnection), Object(Illuminate/Database/Migrations/Migration@anonymous), 'up')
#9 C:/Users/manas/Documents/Kimi_Agent_Projet React Original/capitalimmo-api/vendor/laravel/framework/src/Illuminate/Database/Migrations/Migrator.php(441): Illuminate/Database/Migrations/Migrator->{closure:Illuminate/Database/Migrations/Migrator::runMigration():428}()
#10 C:/Users/manas/Documents/Kimi_Agent_Projet React Original/capitalimmo-api/vendor/laravel/framework/src/Illuminate/Database/Migrations/Migrator.php(244): Illuminate/Database/Migrations/Migrator->runMigration(Object(Illuminate/Database/Migrations/Migration@anonymous), 'up')
#11 C:/Users/manas/Documents/Kimi_Agent_Projet React Original/capitalimmo-api/vendor/laravel/framework/src/Illuminate/Console/View/Components/Task.php(40): Illuminate/Database/Migrations/Migrator->{closure:Illuminate/Database/Migrations/Migrator::runUp():244}()
#12 C:/Users/manas/Documents/Kimi_Agent_Projet React Original/capitalimmo-api/vendor/laravel/framework/src/Illuminate/Database/Migrations/Migrator.php(798): Illuminate/Console/View/Components/Task->render('0001_01_01_0000...', Object(Closure))
#13 C:/Users/manas/Documents/Kimi_Agent_Projet React Original/capitalimmo-api/vendor/laravel/framework/src/Illuminate/Database/Migrations/Migrator.php(244): Illuminate/Database/Migrations/Migrator->write('Illuminate//Cons...', '0001_01_01_0000...', Object(Closure))
#14 C:/Users/manas/Documents/Kimi_Agent_Projet React Original/capitalimmo-api/vendor/laravel/framework/src/Illuminate/Database/Migrations/Migrator.php(211): Illuminate/Database/Migrations/Migrator->runUp('C://Users//manas//...', 1, false)
#15 C:/Users/manas/Documents/Kimi_Agent_Projet React Original/capitalimmo-api/vendor/laravel/framework/src/Illuminate/Database/Migrations/Migrator.php(138): Illuminate/Database/Migrations/Migrator->runPending(Array, Array)
#16 C:/Users/manas/Documents/Kimi_Agent_Projet React Original/capitalimmo-api/vendor/laravel/framework/src/Illuminate/Database/Console/Migrations/MigrateCommand.php(117): Illuminate/Database/Migrations/Migrator->run(Array, Array)
#17 C:/Users/manas/Documents/Kimi_Agent_Projet React Original/capitalimmo-api/vendor/laravel/framework/src/Illuminate/Database/Migrations/Migrator.php(658): Illuminate/Database/Console/Migrations/MigrateCommand->{closure:Illuminate/Database/Console/Migrations/MigrateCommand::runMigrations():110}()
#18 C:/Users/manas/Documents/Kimi_Agent_Projet React Original/capitalimmo-api/vendor/laravel/framework/src/Illuminate/Database/Console/Migrations/MigrateCommand.php(110): Illuminate/Database/Migrations/Migrator->usingConnection(NULL, Object(Closure))
#19 C:/Users/manas/Documents/Kimi_Agent_Projet React Original/capitalimmo-api/vendor/laravel/framework/src/Illuminate/Database/Console/Migrations/MigrateCommand.php(89): Illuminate/Database/Console/Migrations/MigrateCommand->runMigrations()
#20 C:/Users/manas/Documents/Kimi_Agent_Projet React Original/capitalimmo-api/vendor/laravel/framework/src/Illuminate/Container/BoundMethod.php(36): Illuminate/Database/Console/Migrations/MigrateCommand->handle()
#21 C:/Users/manas/Documents/Kimi_Agent_Projet React Original/capitalimmo-api/vendor/laravel/framework/src/Illuminate/Container/Util.php(43): Illuminate/Container/BoundMethod::{closure:Illuminate/Container/BoundMethod::call():35}()
#22 C:/Users/manas/Documents/Kimi_Agent_Projet React Original/capitalimmo-api/vendor/laravel/framework/src/Illuminate/Container/BoundMethod.php(95): Illuminate/Container/Util::unwrapIfClosure(Object(Closure))
#23 C:/Users/manas/Documents/Kimi_Agent_Projet React Original/capitalimmo-api/vendor/laravel/framework/src/Illuminate/Container/BoundMethod.php(35): Illuminate/Container/BoundMethod::callBoundMethod(Object(Illuminate/Foundation/Application), Array, Object(Closure))
#24 C:/Users/manas/Documents/Kimi_Agent_Projet React Original/capitalimmo-api/vendor/laravel/framework/src/Illuminate/Container/Container.php(696): Illuminate/Container/BoundMethod::call(Object(Illuminate/Foundation/Application), Array, Array, NULL)
#25 C:/Users/manas/Documents/Kimi_Agent_Projet React Original/capitalimmo-api/vendor/laravel/framework/src/Illuminate/Console/Command.php(213): Illuminate/Container/Container->call(Array)
#26 C:/Users/manas/Documents/Kimi_Agent_Projet React Original/capitalimmo-api/vendor/symfony/console/Command/Command.php(341): Illuminate/Console/Command->execute(Object(Symfony/Component/Console/Input/ArgvInput), Object(Illuminate/Console/OutputStyle))
#27 C:/Users/manas/Documents/Kimi_Agent_Projet React Original/capitalimmo-api/vendor/laravel/framework/src/Illuminate/Console/Command.php(182): Symfony/Component/Console/Command/Command->run(Object(Symfony/Component/Console/Input/ArgvInput), Object(Illuminate/Console/OutputStyle))
#28 C:/Users/manas/Documents/Kimi_Agent_Projet React Original/capitalimmo-api/vendor/symfony/console/Application.php(1117): Illuminate/Console/Command->run(Object(Symfony/Component/Console/Input/ArgvInput), Object(Symfony/Component/Console/Output/ConsoleOutput))
#29 C:/Users/manas/Documents/Kimi_Agent_Projet React Original/capitalimmo-api/vendor/symfony/console/Application.php(356): Symfony/Component/Console/Application->doRunCommand(Object(Illuminate/Database/Console/Migrations/MigrateCommand), Object(Symfony/Component/Console/Input/ArgvInput), Object(Symfony/Component/Console/Output/ConsoleOutput))
#30 C:/Users/manas/Documents/Kimi_Agent_Projet React Original/capitalimmo-api/vendor/symfony/console/Application.php(195): Symfony/Component/Console/Application->doRun(Object(Symfony/Component/Console/Input/ArgvInput), Object(Symfony/Component/Console/Output/ConsoleOutput))
#31 C:/Users/manas/Documents/Kimi_Agent_Projet React Original/capitalimmo-api/vendor/laravel/framework/src/Illuminate/Foundation/Console/Kernel.php(198): Symfony/Component/Console/Application->run(Object(Symfony/Component/Console/Input/ArgvInput), Object(Symfony/Component/Console/Output/ConsoleOutput))
#32 C:/Users/manas/Documents/Kimi_Agent_Projet React Original/capitalimmo-api/artisan(24): Illuminate/Foundation/Console/Kernel->handle(Object(Symfony/Component/Console/Input/ArgvInput), Object(Symfony/Component/Console/Output/ConsoleOutput))
#33 {main}

[previous exception] [object] (PDOException(code: 42000): SQLSTATE[42000]: Syntax error or access violation: 1071 La clé est trop longue. Longueur maximale: 1000 at C:/Users/manas/Documents/Kimi_Agent_Projet React Original/capitalimmo-api/vendor/laravel/framework/src/Illuminate/Database/Connection.php:571)
[stacktrace]
#0 C:/Users/manas/Documents/Kimi_Agent_Projet React Original/capitalimmo-api/vendor/laravel/framework/src/Illuminate/Database/Connection.php(571): PDOStatement->execute()
#1 C:/Users/manas/Documents/Kimi_Agent_Projet React Original/capitalimmo-api/vendor/laravel/framework/src/Illuminate/Database/Connection.php(812): Illuminate/Database/Connection->{closure:Illuminate/Database/Connection::statement():560}('alter table `us...', Array)
#2 C:/Users/manas/Documents/Kimi_Agent_Projet React Original/capitalimmo-api/vendor/laravel/framework/src/Illuminate/Database/Connection.php(779): Illuminate/Database/Connection->runQueryCallback('alter table `us...', Array, Object(Closure))
#3 C:/Users/manas/Documents/Kimi_Agent_Projet React Original/capitalimmo-api/vendor/laravel/framework/src/Illuminate/Database/Connection.php(560): Illuminate/Database/Connection->run('alter table `us...', Array, Object(Closure))
#4 C:/Users/manas/Documents/Kimi_Agent_Projet React Original/capitalimmo-api/vendor/laravel/framework/src/Illuminate/Database/Schema/Blueprint.php(118): Illuminate/Database/Connection->statement('alter table `us...')
#5 C:/Users/manas/Documents/Kimi_Agent_Projet React Original/capitalimmo-api/vendor/laravel/framework/src/Illuminate/Database/Schema/Builder.php(564): Illuminate/Database/Schema/Blueprint->build(Object(Illuminate/Database/MySqlConnection), Object(Illuminate/Database/Schema/Grammars/MySqlGrammar))
#6 C:/Users/manas/Documents/Kimi_Agent_Projet React Original/capitalimmo-api/vendor/laravel/framework/src/Illuminate/Database/Schema/Builder.php(418): Illuminate/Database/Schema/Builder->build(Object(Illuminate/Database/Schema/Blueprint))
#7 C:/Users/manas/Documents/Kimi_Agent_Projet React Original/capitalimmo-api/vendor/laravel/framework/src/Illuminate/Support/Facades/Facade.php(361): Illuminate/Database/Schema/Builder->create('users', Object(Closure))
#8 C:/Users/manas/Documents/Kimi_Agent_Projet React Original/capitalimmo-api/database/migrations/0001_01_01_000000_create_users_table.php(11): Illuminate/Support/Facades/Facade::__callStatic('create', Array)
#9 C:/Users/manas/Documents/Kimi_Agent_Projet React Original/capitalimmo-api/vendor/laravel/framework/src/Illuminate/Database/Migrations/Migrator.php(507): Illuminate/Database/Migrations/Migration@anonymous->up()
#10 C:/Users/manas/Documents/Kimi_Agent_Projet React Original/capitalimmo-api/vendor/laravel/framework/src/Illuminate/Database/Migrations/Migrator.php(432): Illuminate/Database/Migrations/Migrator->runMethod(Object(Illuminate/Database/MySqlConnection), Object(Illuminate/Database/Migrations/Migration@anonymous), 'up')
#11 C:/Users/manas/Documents/Kimi_Agent_Projet React Original/capitalimmo-api/vendor/laravel/framework/src/Illuminate/Database/Migrations/Migrator.php(441): Illuminate/Database/Migrations/Migrator->{closure:Illuminate/Database/Migrations/Migrator::runMigration():428}()
#12 C:/Users/manas/Documents/Kimi_Agent_Projet React Original/capitalimmo-api/vendor/laravel/framework/src/Illuminate/Database/Migrations/Migrator.php(244): Illuminate/Database/Migrations/Migrator->runMigration(Object(Illuminate/Database/Migrations/Migration@anonymous), 'up')
#13 C:/Users/manas/Documents/Kimi_Agent_Projet React Original/capitalimmo-api/vendor/laravel/framework/src/Illuminate/Console/View/Components/Task.php(40): Illuminate/Database/Migrations/Migrator->{closure:Illuminate/Database/Migrations/Migrator::runUp():244}()
#14 C:/Users/manas/Documents/Kimi_Agent_Projet React Original/capitalimmo-api/vendor/laravel/framework/src/Illuminate/Database/Migrations/Migrator.php(798): Illuminate/Console/View/Components/Task->render('0001_01_01_0000...', Object(Closure))
#15 C:/Users/manas/Documents/Kimi_Agent_Projet React Original/capitalimmo-api/vendor/laravel/framework/src/Illuminate/Database/Migrations/Migrator.php(244): Illuminate/Database/Migrations/Migrator->write('Illuminate//Cons...', '0001_01_01_0000...', Object(Closure))
#16 C:/Users/manas/Documents/Kimi_Agent_Projet React Original/capitalimmo-api/vendor/laravel/framework/src/Illuminate/Database/Migrations/Migrator.php(211): Illuminate/Database/Migrations/Migrator->runUp('C://Users//manas//...', 1, false)
#17 C:/Users/manas/Documents/Kimi_Agent_Projet React Original/capitalimmo-api/vendor/laravel/framework/src/Illuminate/Database/Migrations/Migrator.php(138): Illuminate/Database/Migrations/Migrator->runPending(Array, Array)
#18 C:/Users/manas/Documents/Kimi_Agent_Projet React Original/capitalimmo-api/vendor/laravel/framework/src/Illuminate/Database/Console/Migrations/MigrateCommand.php(117): Illuminate/Database/Migrations/Migrator->run(Array, Array)
#19 C:/Users/manas/Documents/Kimi_Agent_Projet React Original/capitalimmo-api/vendor/laravel/framework/src/Illuminate/Database/Migrations/Migrator.php(658): Illuminate/Database/Console/Migrations/MigrateCommand->{closure:Illuminate/Database/Console/Migrations/MigrateCommand::runMigrations():110}()
#20 C:/Users/manas/Documents/Kimi_Agent_Projet React Original/capitalimmo-api/vendor/laravel/framework/src/Illuminate/Database/Console/Migrations/MigrateCommand.php(110): Illuminate/Database/Migrations/Migrator->usingConnection(NULL, Object(Closure))
#21 C:/Users/manas/Documents/Kimi_Agent_Projet React Original/capitalimmo-api/vendor/laravel/framework/src/Illuminate/Database/Console/Migrations/MigrateCommand.php(89): Illuminate/Database/Console/Migrations/MigrateCommand->runMigrations()
#22 C:/Users/manas/Documents/Kimi_Agent_Projet React Original/capitalimmo-api/vendor/laravel/framework/src/Illuminate/Container/BoundMethod.php(36): Illuminate/Database/Console/Migrations/MigrateCommand->handle()
#23 C:/Users/manas/Documents/Kimi_Agent_Projet React Original/capitalimmo-api/vendor/laravel/framework/src/Illuminate/Container/Util.php(43): Illuminate/Container/BoundMethod::{closure:Illuminate/Container/BoundMethod::call():35}()
#24 C:/Users/manas/Documents/Kimi_Agent_Projet React Original/capitalimmo-api/vendor/laravel/framework/src/Illuminate/Container/BoundMethod.php(95): Illuminate/Container/Util::unwrapIfClosure(Object(Closure))
#25 C:/Users/manas/Documents/Kimi_Agent_Projet React Original/capitalimmo-api/vendor/laravel/framework/src/Illuminate/Container/BoundMethod.php(35): Illuminate/Container/BoundMethod::callBoundMethod(Object(Illuminate/Foundation/Application), Array, Object(Closure))
#26 C:/Users/manas/Documents/Kimi_Agent_Projet React Original/capitalimmo-api/vendor/laravel/framework/src/Illuminate/Container/Container.php(696): Illuminate/Container/BoundMethod::call(Object(Illuminate/Foundation/Application), Array, Array, NULL)
#27 C:/Users/manas/Documents/Kimi_Agent_Projet React Original/capitalimmo-api/vendor/laravel/framework/src/Illuminate/Console/Command.php(213): Illuminate/Container/Container->call(Array)
#28 C:/Users/manas/Documents/Kimi_Agent_Projet React Original/capitalimmo-api/vendor/symfony/console/Command/Command.php(341): Illuminate/Console/Command->execute(Object(Symfony/Component/Console/Input/ArgvInput), Object(Illuminate/Console/OutputStyle))
#29 C:/Users/manas/Documents/Kimi_Agent_Projet React Original/capitalimmo-api/vendor/laravel/framework/src/Illuminate/Console/Command.php(182): Symfony/Component/Console/Command/Command->run(Object(Symfony/Component/Console/Input/ArgvInput), Object(Illuminate/Console/OutputStyle))
#30 C:/Users/manas/Documents/Kimi_Agent_Projet React Original/capitalimmo-api/vendor/symfony/console/Application.php(1117): Illuminate/Console/Command->run(Object(Symfony/Component/Console/Input/ArgvInput), Object(Symfony/Component/Console/Output/ConsoleOutput))
#31 C:/Users/manas/Documents/Kimi_Agent_Projet React Original/capitalimmo-api/vendor/symfony/console/Application.php(356): Symfony/Component/Console/Application->doRunCommand(Object(Illuminate/Database/Console/Migrations/MigrateCommand), Object(Symfony/Component/Console/Input/ArgvInput), Object(Symfony/Component/Console/Output/ConsoleOutput))
#32 C:/Users/manas/Documents/Kimi_Agent_Projet React Original/capitalimmo-api/vendor/symfony/console/Application.php(195): Symfony/Component/Console/Application->doRun(Object(Symfony/Component/Console/Input/ArgvInput), Object(Symfony/Component/Console/Output/ConsoleOutput))
#33 C:/Users/manas/Documents/Kimi_Agent_Projet React Original/capitalimmo-api/vendor/laravel/framework/src/Illuminate/Foundation/Console/Kernel.php(198): Symfony/Component/Console/Application->run(Object(Symfony/Component/Console/Input/ArgvInput), Object(Symfony/Component/Console/Output/ConsoleOutput))
#34 C:/Users/manas/Documents/Kimi_Agent_Projet React Original/capitalimmo-api/artisan(24): Illuminate/Foundation/Console/Kernel->handle(Object(Symfony/Component/Console/Input/ArgvInput), Object(Symfony/Component/Console/Output/ConsoleOutput))
#35 {main}
"} 
[2026-03-25 15:39:08] local.ERROR: SQLSTATE[42000]: Syntax error or access violation: 1071 La clé est trop longue. Longueur maximale: 1000 (Connection: mysql, SQL: alter table `biens` add index `biens_zone_quartier_index`(`zone`, `quartier`)) {"exception":"[object] (Illuminate\\Database\\QueryException(code: 42000): SQLSTATE[42000]: Syntax error or access violation: 1071 La clé est trop longue. Longueur maximale: 1000 (Connection: mysql, SQL: alter table `biens` add index `biens_zone_quartier_index`(`zone`, `quartier`)) at C:/Users/manas/Documents/Kimi_Agent_Projet React Original/capitalimmo-api/vendor/laravel/framework/src/Illuminate/Database/Connection.php:825)
[stacktrace]
#0 C:/Users/manas/Documents/Kimi_Agent_Projet React Original/capitalimmo-api/vendor/laravel/framework/src/Illuminate/Database/Connection.php(779): Illuminate/Database/Connection->runQueryCallback('alter table `bi...', Array, Object(Closure))
#1 C:/Users/manas/Documents/Kimi_Agent_Projet React Original/capitalimmo-api/vendor/laravel/framework/src/Illuminate/Database/Connection.php(560): Illuminate/Database/Connection->run('alter table `bi...', Array, Object(Closure))
#2 C:/Users/manas/Documents/Kimi_Agent_Projet React Original/capitalimmo-api/vendor/laravel/framework/src/Illuminate/Database/Schema/Blueprint.php(118): Illuminate/Database/Connection->statement('alter table `bi...')
#3 C:/Users/manas/Documents/Kimi_Agent_Projet React Original/capitalimmo-api/vendor/laravel/framework/src/Illuminate/Database/Schema/Builder.php(564): Illuminate/Database/Schema/Blueprint->build(Object(Illuminate/Database/MySqlConnection), Object(Illuminate/Database/Schema/Grammars/MySqlGrammar))
#4 C:/Users/manas/Documents/Kimi_Agent_Projet React Original/capitalimmo-api/vendor/laravel/framework/src/Illuminate/Database/Schema/Builder.php(418): Illuminate/Database/Schema/Builder->build(Object(Illuminate/Database/Schema/Blueprint))
#5 C:/Users/manas/Documents/Kimi_Agent_Projet React Original/capitalimmo-api/vendor/laravel/framework/src/Illuminate/Support/Facades/Facade.php(361): Illuminate/Database/Schema/Builder->create('biens', Object(Closure))
#6 C:/Users/manas/Documents/Kimi_Agent_Projet React Original/capitalimmo-api/database/migrations/2024_01_01_000002_create_biens_table.php(11): Illuminate/Support/Facades/Facade::__callStatic('create', Array)
#7 C:/Users/manas/Documents/Kimi_Agent_Projet React Original/capitalimmo-api/vendor/laravel/framework/src/Illuminate/Database/Migrations/Migrator.php(507): Illuminate/Database/Migrations/Migration@anonymous->up()
#8 C:/Users/manas/Documents/Kimi_Agent_Projet React Original/capitalimmo-api/vendor/laravel/framework/src/Illuminate/Database/Migrations/Migrator.php(432): Illuminate/Database/Migrations/Migrator->runMethod(Object(Illuminate/Database/MySqlConnection), Object(Illuminate/Database/Migrations/Migration@anonymous), 'up')
#9 C:/Users/manas/Documents/Kimi_Agent_Projet React Original/capitalimmo-api/vendor/laravel/framework/src/Illuminate/Database/Migrations/Migrator.php(441): Illuminate/Database/Migrations/Migrator->{closure:Illuminate/Database/Migrations/Migrator::runMigration():428}()
#10 C:/Users/manas/Documents/Kimi_Agent_Projet React Original/capitalimmo-api/vendor/laravel/framework/src/Illuminate/Database/Migrations/Migrator.php(244): Illuminate/Database/Migrations/Migrator->runMigration(Object(Illuminate/Database/Migrations/Migration@anonymous), 'up')
#11 C:/Users/manas/Documents/Kimi_Agent_Projet React Original/capitalimmo-api/vendor/laravel/framework/src/Illuminate/Console/View/Components/Task.php(40): Illuminate/Database/Migrations/Migrator->{closure:Illuminate/Database/Migrations/Migrator::runUp():244}()
#12 C:/Users/manas/Documents/Kimi_Agent_Projet React Original/capitalimmo-api/vendor/laravel/framework/src/Illuminate/Database/Migrations/Migrator.php(798): Illuminate/Console/View/Components/Task->render('2024_01_01_0000...', Object(Closure))
#13 C:/Users/manas/Documents/Kimi_Agent_Projet React Original/capitalimmo-api/vendor/laravel/framework/src/Illuminate/Database/Migrations/Migrator.php(244): Illuminate/Database/Migrations/Migrator->write('Illuminate//Cons...', '2024_01_01_0000...', Object(Closure))
#14 C:/Users/manas/Documents/Kimi_Agent_Projet React Original/capitalimmo-api/vendor/laravel/framework/src/Illuminate/Database/Migrations/Migrator.php(211): Illuminate/Database/Migrations/Migrator->runUp('C://Users//manas//...', 1, false)
#15 C:/Users/manas/Documents/Kimi_Agent_Projet React Original/capitalimmo-api/vendor/laravel/framework/src/Illuminate/Database/Migrations/Migrator.php(138): Illuminate/Database/Migrations/Migrator->runPending(Array, Array)
#16 C:/Users/manas/Documents/Kimi_Agent_Projet React Original/capitalimmo-api/vendor/laravel/framework/src/Illuminate/Database/Console/Migrations/MigrateCommand.php(117): Illuminate/Database/Migrations/Migrator->run(Array, Array)
#17 C:/Users/manas/Documents/Kimi_Agent_Projet React Original/capitalimmo-api/vendor/laravel/framework/src/Illuminate/Database/Migrations/Migrator.php(658): Illuminate/Database/Console/Migrations/MigrateCommand->{closure:Illuminate/Database/Console/Migrations/MigrateCommand::runMigrations():110}()
#18 C:/Users/manas/Documents/Kimi_Agent_Projet React Original/capitalimmo-api/vendor/laravel/framework/src/Illuminate/Database/Console/Migrations/MigrateCommand.php(110): Illuminate/Database/Migrations/Migrator->usingConnection(NULL, Object(Closure))
#19 C:/Users/manas/Documents/Kimi_Agent_Projet React Original/capitalimmo-api/vendor/laravel/framework/src/Illuminate/Database/Console/Migrations/MigrateCommand.php(89): Illuminate/Database/Console/Migrations/MigrateCommand->runMigrations()
#20 C:/Users/manas/Documents/Kimi_Agent_Projet React Original/capitalimmo-api/vendor/laravel/framework/src/Illuminate/Container/BoundMethod.php(36): Illuminate/Database/Console/Migrations/MigrateCommand->handle()
#21 C:/Users/manas/Documents/Kimi_Agent_Projet React Original/capitalimmo-api/vendor/laravel/framework/src/Illuminate/Container/Util.php(43): Illuminate/Container/BoundMethod::{closure:Illuminate/Container/BoundMethod::call():35}()
#22 C:/Users/manas/Documents/Kimi_Agent_Projet React Original/capitalimmo-api/vendor/laravel/framework/src/Illuminate/Container/BoundMethod.php(95): Illuminate/Container/Util::unwrapIfClosure(Object(Closure))
#23 C:/Users/manas/Documents/Kimi_Agent_Projet React Original/capitalimmo-api/vendor/laravel/framework/src/Illuminate/Container/BoundMethod.php(35): Illuminate/Container/BoundMethod::callBoundMethod(Object(Illuminate/Foundation/Application), Array, Object(Closure))
#24 C:/Users/manas/Documents/Kimi_Agent_Projet React Original/capitalimmo-api/vendor/laravel/framework/src/Illuminate/Container/Container.php(696): Illuminate/Container/BoundMethod::call(Object(Illuminate/Foundation/Application), Array, Array, NULL)
#25 C:/Users/manas/Documents/Kimi_Agent_Projet React Original/capitalimmo-api/vendor/laravel/framework/src/Illuminate/Console/Command.php(213): Illuminate/Container/Container->call(Array)
#26 C:/Users/manas/Documents/Kimi_Agent_Projet React Original/capitalimmo-api/vendor/symfony/console/Command/Command.php(341): Illuminate/Console/Command->execute(Object(Symfony/Component/Console/Input/ArrayInput), Object(Illuminate/Console/OutputStyle))
#27 C:/Users/manas/Documents/Kimi_Agent_Projet React Original/capitalimmo-api/vendor/laravel/framework/src/Illuminate/Console/Command.php(182): Symfony/Component/Console/Command/Command->run(Object(Symfony/Component/Console/Input/ArrayInput), Object(Illuminate/Console/OutputStyle))
#28 C:/Users/manas/Documents/Kimi_Agent_Projet React Original/capitalimmo-api/vendor/laravel/framework/src/Illuminate/Console/Concerns/CallsCommands.php(68): Illuminate/Console/Command->run(Object(Symfony/Component/Console/Input/ArrayInput), Object(Illuminate/Console/OutputStyle))
#29 C:/Users/manas/Documents/Kimi_Agent_Projet React Original/capitalimmo-api/vendor/laravel/framework/src/Illuminate/Console/Concerns/CallsCommands.php(29): Illuminate/Console/Command->runCommand('migrate', Array, Object(Illuminate/Console/OutputStyle))
#30 C:/Users/manas/Documents/Kimi_Agent_Projet React Original/capitalimmo-api/vendor/laravel/framework/src/Illuminate/Database/Console/Migrations/FreshCommand.php(82): Illuminate/Console/Command->call('migrate', Array)
#31 C:/Users/manas/Documents/Kimi_Agent_Projet React Original/capitalimmo-api/vendor/laravel/framework/src/Illuminate/Container/BoundMethod.php(36): Illuminate/Database/Console/Migrations/FreshCommand->handle()
#32 C:/Users/manas/Documents/Kimi_Agent_Projet React Original/capitalimmo-api/vendor/laravel/framework/src/Illuminate/Container/Util.php(43): Illuminate/Container/BoundMethod::{closure:Illuminate/Container/BoundMethod::call():35}()
#33 C:/Users/manas/Documents/Kimi_Agent_Projet React Original/capitalimmo-api/vendor/laravel/framework/src/Illuminate/Container/BoundMethod.php(95): Illuminate/Container/Util::unwrapIfClosure(Object(Closure))
#34 C:/Users/manas/Documents/Kimi_Agent_Projet React Original/capitalimmo-api/vendor/laravel/framework/src/Illuminate/Container/BoundMethod.php(35): Illuminate/Container/BoundMethod::callBoundMethod(Object(Illuminate/Foundation/Application), Array, Object(Closure))
#35 C:/Users/manas/Documents/Kimi_Agent_Projet React Original/capitalimmo-api/vendor/laravel/framework/src/Illuminate/Container/Container.php(696): Illuminate/Container/BoundMethod::call(Object(Illuminate/Foundation/Application), Array, Array, NULL)
#36 C:/Users/manas/Documents/Kimi_Agent_Projet React Original/capitalimmo-api/vendor/laravel/framework/src/Illuminate/Console/Command.php(213): Illuminate/Container/Container->call(Array)
#37 C:/Users/manas/Documents/Kimi_Agent_Projet React Original/capitalimmo-api/vendor/symfony/console/Command/Command.php(341): Illuminate/Console/Command->execute(Object(Symfony/Component/Console/Input/ArgvInput), Object(Illuminate/Console/OutputStyle))
#38 C:/Users/manas/Documents/Kimi_Agent_Projet React Original/capitalimmo-api/vendor/laravel/framework/src/Illuminate/Console/Command.php(182): Symfony/Component/Console/Command/Command->run(Object(Symfony/Component/Console/Input/ArgvInput), Object(Illuminate/Console/OutputStyle))
#39 C:/Users/manas/Documents/Kimi_Agent_Projet React Original/capitalimmo-api/vendor/symfony/console/Application.php(1117): Illuminate/Console/Command->run(Object(Symfony/Component/Console/Input/ArgvInput), Object(Symfony/Component/Console/Output/ConsoleOutput))
#40 C:/Users/manas/Documents/Kimi_Agent_Projet React Original/capitalimmo-api/vendor/symfony/console/Application.php(356): Symfony/Component/Console/Application->doRunCommand(Object(Illuminate/Database/Console/Migrations/FreshCommand), Object(Symfony/Component/Console/Input/ArgvInput), Object(Symfony/Component/Console/Output/ConsoleOutput))
#41 C:/Users/manas/Documents/Kimi_Agent_Projet React Original/capitalimmo-api/vendor/symfony/console/Application.php(195): Symfony/Component/Console/Application->doRun(Object(Symfony/Component/Console/Input/ArgvInput), Object(Symfony/Component/Console/Output/ConsoleOutput))
#42 C:/Users/manas/Documents/Kimi_Agent_Projet React Original/capitalimmo-api/vendor/laravel/framework/src/Illuminate/Foundation/Console/Kernel.php(198): Symfony/Component/Console/Application->run(Object(Symfony/Component/Console/Input/ArgvInput), Object(Symfony/Component/Console/Output/ConsoleOutput))
#43 C:/Users/manas/Documents/Kimi_Agent_Projet React Original/capitalimmo-api/artisan(24): Illuminate/Foundation/Console/Kernel->handle(Object(Symfony/Component/Console/Input/ArgvInput), Object(Symfony/Component/Console/Output/ConsoleOutput))
#44 {main}

[previous exception] [object] (PDOException(code: 42000): SQLSTATE[42000]: Syntax error or access violation: 1071 La clé est trop longue. Longueur maximale: 1000 at C:/Users/manas/Documents/Kimi_Agent_Projet React Original/capitalimmo-api/vendor/laravel/framework/src/Illuminate/Database/Connection.php:571)
[stacktrace]
#0 C:/Users/manas/Documents/Kimi_Agent_Projet React Original/capitalimmo-api/vendor/laravel/framework/src/Illuminate/Database/Connection.php(571): PDOStatement->execute()
#1 C:/Users/manas/Documents/Kimi_Agent_Projet React Original/capitalimmo-api/vendor/laravel/framework/src/Illuminate/Database/Connection.php(812): Illuminate/Database/Connection->{closure:Illuminate/Database/Connection::statement():560}('alter table `bi...', Array)
#2 C:/Users/manas/Documents/Kimi_Agent_Projet React Original/capitalimmo-api/vendor/laravel/framework/src/Illuminate/Database/Connection.php(779): Illuminate/Database/Connection->runQueryCallback('alter table `bi...', Array, Object(Closure))
#3 C:/Users/manas/Documents/Kimi_Agent_Projet React Original/capitalimmo-api/vendor/laravel/framework/src/Illuminate/Database/Connection.php(560): Illuminate/Database/Connection->run('alter table `bi...', Array, Object(Closure))
#4 C:/Users/manas/Documents/Kimi_Agent_Projet React Original/capitalimmo-api/vendor/laravel/framework/src/Illuminate/Database/Schema/Blueprint.php(118): Illuminate/Database/Connection->statement('alter table `bi...')
#5 C:/Users/manas/Documents/Kimi_Agent_Projet React Original/capitalimmo-api/vendor/laravel/framework/src/Illuminate/Database/Schema/Builder.php(564): Illuminate/Database/Schema/Blueprint->build(Object(Illuminate/Database/MySqlConnection), Object(Illuminate/Database/Schema/Grammars/MySqlGrammar))
#6 C:/Users/manas/Documents/Kimi_Agent_Projet React Original/capitalimmo-api/vendor/laravel/framework/src/Illuminate/Database/Schema/Builder.php(418): Illuminate/Database/Schema/Builder->build(Object(Illuminate/Database/Schema/Blueprint))
#7 C:/Users/manas/Documents/Kimi_Agent_Projet React Original/capitalimmo-api/vendor/laravel/framework/src/Illuminate/Support/Facades/Facade.php(361): Illuminate/Database/Schema/Builder->create('biens', Object(Closure))
#8 C:/Users/manas/Documents/Kimi_Agent_Projet React Original/capitalimmo-api/database/migrations/2024_01_01_000002_create_biens_table.php(11): Illuminate/Support/Facades/Facade::__callStatic('create', Array)
#9 C:/Users/manas/Documents/Kimi_Agent_Projet React Original/capitalimmo-api/vendor/laravel/framework/src/Illuminate/Database/Migrations/Migrator.php(507): Illuminate/Database/Migrations/Migration@anonymous->up()
#10 C:/Users/manas/Documents/Kimi_Agent_Projet React Original/capitalimmo-api/vendor/laravel/framework/src/Illuminate/Database/Migrations/Migrator.php(432): Illuminate/Database/Migrations/Migrator->runMethod(Object(Illuminate/Database/MySqlConnection), Object(Illuminate/Database/Migrations/Migration@anonymous), 'up')
#11 C:/Users/manas/Documents/Kimi_Agent_Projet React Original/capitalimmo-api/vendor/laravel/framework/src/Illuminate/Database/Migrations/Migrator.php(441): Illuminate/Database/Migrations/Migrator->{closure:Illuminate/Database/Migrations/Migrator::runMigration():428}()
#12 C:/Users/manas/Documents/Kimi_Agent_Projet React Original/capitalimmo-api/vendor/laravel/framework/src/Illuminate/Database/Migrations/Migrator.php(244): Illuminate/Database/Migrations/Migrator->runMigration(Object(Illuminate/Database/Migrations/Migration@anonymous), 'up')
#13 C:/Users/manas/Documents/Kimi_Agent_Projet React Original/capitalimmo-api/vendor/laravel/framework/src/Illuminate/Console/View/Components/Task.php(40): Illuminate/Database/Migrations/Migrator->{closure:Illuminate/Database/Migrations/Migrator::runUp():244}()
#14 C:/Users/manas/Documents/Kimi_Agent_Projet React Original/capitalimmo-api/vendor/laravel/framework/src/Illuminate/Database/Migrations/Migrator.php(798): Illuminate/Console/View/Components/Task->render('2024_01_01_0000...', Object(Closure))
#15 C:/Users/manas/Documents/Kimi_Agent_Projet React Original/capitalimmo-api/vendor/laravel/framework/src/Illuminate/Database/Migrations/Migrator.php(244): Illuminate/Database/Migrations/Migrator->write('Illuminate//Cons...', '2024_01_01_0000...', Object(Closure))
#16 C:/Users/manas/Documents/Kimi_Agent_Projet React Original/capitalimmo-api/vendor/laravel/framework/src/Illuminate/Database/Migrations/Migrator.php(211): Illuminate/Database/Migrations/Migrator->runUp('C://Users//manas//...', 1, false)
#17 C:/Users/manas/Documents/Kimi_Agent_Projet React Original/capitalimmo-api/vendor/laravel/framework/src/Illuminate/Database/Migrations/Migrator.php(138): Illuminate/Database/Migrations/Migrator->runPending(Array, Array)
#18 C:/Users/manas/Documents/Kimi_Agent_Projet React Original/capitalimmo-api/vendor/laravel/framework/src/Illuminate/Database/Console/Migrations/MigrateCommand.php(117): Illuminate/Database/Migrations/Migrator->run(Array, Array)
#19 C:/Users/manas/Documents/Kimi_Agent_Projet React Original/capitalimmo-api/vendor/laravel/framework/src/Illuminate/Database/Migrations/Migrator.php(658): Illuminate/Database/Console/Migrations/MigrateCommand->{closure:Illuminate/Database/Console/Migrations/MigrateCommand::runMigrations():110}()
#20 C:/Users/manas/Documents/Kimi_Agent_Projet React Original/capitalimmo-api/vendor/laravel/framework/src/Illuminate/Database/Console/Migrations/MigrateCommand.php(110): Illuminate/Database/Migrations/Migrator->usingConnection(NULL, Object(Closure))
#21 C:/Users/manas/Documents/Kimi_Agent_Projet React Original/capitalimmo-api/vendor/laravel/framework/src/Illuminate/Database/Console/Migrations/MigrateCommand.php(89): Illuminate/Database/Console/Migrations/MigrateCommand->runMigrations()
#22 C:/Users/manas/Documents/Kimi_Agent_Projet React Original/capitalimmo-api/vendor/laravel/framework/src/Illuminate/Container/BoundMethod.php(36): Illuminate/Database/Console/Migrations/MigrateCommand->handle()
#23 C:/Users/manas/Documents/Kimi_Agent_Projet React Original/capitalimmo-api/vendor/laravel/framework/src/Illuminate/Container/Util.php(43): Illuminate/Container/BoundMethod::{closure:Illuminate/Container/BoundMethod::call():35}()
#24 C:/Users/manas/Documents/Kimi_Agent_Projet React Original/capitalimmo-api/vendor/laravel/framework/src/Illuminate/Container/BoundMethod.php(95): Illuminate/Container/Util::unwrapIfClosure(Object(Closure))
#25 C:/Users/manas/Documents/Kimi_Agent_Projet React Original/capitalimmo-api/vendor/laravel/framework/src/Illuminate/Container/BoundMethod.php(35): Illuminate/Container/BoundMethod::callBoundMethod(Object(Illuminate/Foundation/Application), Array, Object(Closure))
#26 C:/Users/manas/Documents/Kimi_Agent_Projet React Original/capitalimmo-api/vendor/laravel/framework/src/Illuminate/Container/Container.php(696): Illuminate/Container/BoundMethod::call(Object(Illuminate/Foundation/Application), Array, Array, NULL)
#27 C:/Users/manas/Documents/Kimi_Agent_Projet React Original/capitalimmo-api/vendor/laravel/framework/src/Illuminate/Console/Command.php(213): Illuminate/Container/Container->call(Array)
#28 C:/Users/manas/Documents/Kimi_Agent_Projet React Original/capitalimmo-api/vendor/symfony/console/Command/Command.php(341): Illuminate/Console/Command->execute(Object(Symfony/Component/Console/Input/ArrayInput), Object(Illuminate/Console/OutputStyle))
#29 C:/Users/manas/Documents/Kimi_Agent_Projet React Original/capitalimmo-api/vendor/laravel/framework/src/Illuminate/Console/Command.php(182): Symfony/Component/Console/Command/Command->run(Object(Symfony/Component/Console/Input/ArrayInput), Object(Illuminate/Console/OutputStyle))
#30 C:/Users/manas/Documents/Kimi_Agent_Projet React Original/capitalimmo-api/vendor/laravel/framework/src/Illuminate/Console/Concerns/CallsCommands.php(68): Illuminate/Console/Command->run(Object(Symfony/Component/Console/Input/ArrayInput), Object(Illuminate/Console/OutputStyle))
#31 C:/Users/manas/Documents/Kimi_Agent_Projet React Original/capitalimmo-api/vendor/laravel/framework/src/Illuminate/Console/Concerns/CallsCommands.php(29): Illuminate/Console/Command->runCommand('migrate', Array, Object(Illuminate/Console/OutputStyle))
#32 C:/Users/manas/Documents/Kimi_Agent_Projet React Original/capitalimmo-api/vendor/laravel/framework/src/Illuminate/Database/Console/Migrations/FreshCommand.php(82): Illuminate/Console/Command->call('migrate', Array)
#33 C:/Users/manas/Documents/Kimi_Agent_Projet React Original/capitalimmo-api/vendor/laravel/framework/src/Illuminate/Container/BoundMethod.php(36): Illuminate/Database/Console/Migrations/FreshCommand->handle()
#34 C:/Users/manas/Documents/Kimi_Agent_Projet React Original/capitalimmo-api/vendor/laravel/framework/src/Illuminate/Container/Util.php(43): Illuminate/Container/BoundMethod::{closure:Illuminate/Container/BoundMethod::call():35}()
#35 C:/Users/manas/Documents/Kimi_Agent_Projet React Original/capitalimmo-api/vendor/laravel/framework/src/Illuminate/Container/BoundMethod.php(95): Illuminate/Container/Util::unwrapIfClosure(Object(Closure))
#36 C:/Users/manas/Documents/Kimi_Agent_Projet React Original/capitalimmo-api/vendor/laravel/framework/src/Illuminate/Container/BoundMethod.php(35): Illuminate/Container/BoundMethod::callBoundMethod(Object(Illuminate/Foundation/Application), Array, Object(Closure))
#37 C:/Users/manas/Documents/Kimi_Agent_Projet React Original/capitalimmo-api/vendor/laravel/framework/src/Illuminate/Container/Container.php(696): Illuminate/Container/BoundMethod::call(Object(Illuminate/Foundation/Application), Array, Array, NULL)
#38 C:/Users/manas/Documents/Kimi_Agent_Projet React Original/capitalimmo-api/vendor/laravel/framework/src/Illuminate/Console/Command.php(213): Illuminate/Container/Container->call(Array)
#39 C:/Users/manas/Documents/Kimi_Agent_Projet React Original/capitalimmo-api/vendor/symfony/console/Command/Command.php(341): Illuminate/Console/Command->execute(Object(Symfony/Component/Console/Input/ArgvInput), Object(Illuminate/Console/OutputStyle))
#40 C:/Users/manas/Documents/Kimi_Agent_Projet React Original/capitalimmo-api/vendor/laravel/framework/src/Illuminate/Console/Command.php(182): Symfony/Component/Console/Command/Command->run(Object(Symfony/Component/Console/Input/ArgvInput), Object(Illuminate/Console/OutputStyle))
#41 C:/Users/manas/Documents/Kimi_Agent_Projet React Original/capitalimmo-api/vendor/symfony/console/Application.php(1117): Illuminate/Console/Command->run(Object(Symfony/Component/Console/Input/ArgvInput), Object(Symfony/Component/Console/Output/ConsoleOutput))
#42 C:/Users/manas/Documents/Kimi_Agent_Projet React Original/capitalimmo-api/vendor/symfony/console/Application.php(356): Symfony/Component/Console/Application->doRunCommand(Object(Illuminate/Database/Console/Migrations/FreshCommand), Object(Symfony/Component/Console/Input/ArgvInput), Object(Symfony/Component/Console/Output/ConsoleOutput))
#43 C:/Users/manas/Documents/Kimi_Agent_Projet React Original/capitalimmo-api/vendor/symfony/console/Application.php(195): Symfony/Component/Console/Application->doRun(Object(Symfony/Component/Console/Input/ArgvInput), Object(Symfony/Component/Console/Output/ConsoleOutput))
#44 C:/Users/manas/Documents/Kimi_Agent_Projet React Original/capitalimmo-api/vendor/laravel/framework/src/Illuminate/Foundation/Console/Kernel.php(198): Symfony/Component/Console/Application->run(Object(Symfony/Component/Console/Input/ArgvInput), Object(Symfony/Component/Console/Output/ConsoleOutput))
#45 C:/Users/manas/Documents/Kimi_Agent_Projet React Original/capitalimmo-api/artisan(24): Illuminate/Foundation/Console/Kernel->handle(Object(Symfony/Component/Console/Input/ArgvInput), Object(Symfony/Component/Console/Output/ConsoleOutput))
#46 {main}
"} 
